[0.000000] (-) TimerEvent: {}
[0.000107] (team_tutorial) JobQueued: {'identifier': 'team_tutorial', 'dependencies': OrderedDict()}
[0.000132] (team_tutorial) JobStarted: {'identifier': 'team_tutorial'}
[0.096591] (-) TimerEvent: {}
[0.196924] (-) TimerEvent: {}
[0.297253] (-) TimerEvent: {}
[0.397656] (-) TimerEvent: {}
[0.497995] (-) TimerEvent: {}
[0.526737] (team_tutorial) Command: {'cmd': ['/usr/bin/python3', '-W', 'ignore:setup.py install is deprecated', '-W', 'ignore:easy_install command is deprecated', 'setup.py', 'egg_info', '--egg-base', 'build/team_tutorial', 'build', '--build-base', '/home/angelyna/roboracer_ws/src/team_tutorial/build/team_tutorial/build', 'install', '--record', '/home/angelyna/roboracer_ws/src/team_tutorial/build/team_tutorial/install.log', '--single-version-externally-managed', 'install_data'], 'cwd': '/home/angelyna/roboracer_ws/src/team_tutorial', 'env': {'LANGUAGE': 'en_US:en', 'SHLVL': '1', 'LD_LIBRARY_PATH': '/usr/local/lib/python3.10/dist-packages/torch/lib:/usr/local/cuda/lib64:/opt/ros/humble/opt/rviz_ogre_vendor/lib:/opt/ros/humble/lib/x86_64-linux-gnu:/opt/ros/humble/lib', 'HOME': '/home/angelyna', 'CYCLONEDDS_URI': '/home/angelyna/roboracer_ws/params/cyclone_dds/local.xml', 'OLDPWD': '/home/angelyna/roboracer_ws/src', 'ROS_PYTHON_VERSION': '3', 'PS1': '\\[\\e[0;32m\\][docker]:\\u@\\h:\\w$ \\[\\e[0m\\]', 'container': 'podman', 'CAR_IP': '10.1.0.112', 'COLCON_PREFIX_PATH': '/home/angelyna/roboracer_ws/install', 'ROS_DISTRO': 'humble', 'IN_CONTAINER_NAME': 'roboracer', '_': '/usr/bin/colcon', 'ROS_VERSION': '2', 'USERNAME': 'angelyna', 'PYTORCH_CUDA_ALLOC_CONF': 'expandable_segments:True', 'TERM': 'xterm', 'ROS_LOCALHOST_ONLY': '0', 'PATH': '/opt/ros/humble/bin:/home/angelyna/.local/bin/:/usr/local/sbin:/usr/local/bin:/usr/sbin:/usr/bin:/sbin:/bin', 'GID': '2047626', 'DISPLAY': ':0', 'LANG': 'C.UTF-8', 'RMW_IMPLEMENTATION': 'rmw_cyclonedds_cpp', 'AMENT_PREFIX_PATH': '/home/angelyna/roboracer_ws/src/amrl_maps/install:/home/angelyna/roboracer_ws/src/amrl_msgs/install:/home/angelyna/roboracer_ws/install/team_tutorial:/opt/ros/humble', 'UID': '47626', 'DEBIAN_FRONTEND': 'noninteractive', 'Torch_DIR': '/usr/local/lib/python3.10/dist-packages/torch/share/cmake/Torch:', 'ROS_AUTOMATIC_DISCOVERY_RANGE': 'LOCALHOST', 'PWD': '/home/angelyna/roboracer_ws/src/team_tutorial/build/team_tutorial', 'LC_ALL': 'C.UTF-8', 'PYTHONPATH': '/home/angelyna/roboracer_ws/src/team_tutorial/build/team_tutorial/prefix_override:/usr/lib/python3/dist-packages/colcon_core/task/python/colcon_distutils_commands:/home/angelyna/roboracer_ws/src/team_tutorial/install/team_tutorial/lib/python3.10/site-packages:/home/angelyna/roboracer_ws/install/team_tutorial/lib/python3.10/site-packages:/opt/ros/humble/lib/python3.10/site-packages:/opt/ros/humble/local/lib/python3.10/dist-packages', 'COLCON': '1'}, 'shell': False}
[0.598085] (-) TimerEvent: {}
[0.664956] (team_tutorial) StdoutLine: {'line': b'running egg_info\n'}
[0.665840] (team_tutorial) StdoutLine: {'line': b'creating build/team_tutorial/team_tutorial.egg-info\n'}
[0.668063] (team_tutorial) StdoutLine: {'line': b'writing build/team_tutorial/team_tutorial.egg-info/PKG-INFO\n'}
[0.677935] (team_tutorial) StdoutLine: {'line': b'writing dependency_links to build/team_tutorial/team_tutorial.egg-info/dependency_links.txt\n'}
[0.682211] (team_tutorial) StdoutLine: {'line': b'writing entry points to build/team_tutorial/team_tutorial.egg-info/entry_points.txt\n'}
[0.686901] (team_tutorial) StdoutLine: {'line': b'writing requirements to build/team_tutorial/team_tutorial.egg-info/requires.txt\n'}
[0.688872] (team_tutorial) StdoutLine: {'line': b'writing top-level names to build/team_tutorial/team_tutorial.egg-info/top_level.txt\n'}
[0.692363] (team_tutorial) StdoutLine: {'line': b"writing manifest file 'build/team_tutorial/team_tutorial.egg-info/SOURCES.txt'\n"}
[0.698151] (-) TimerEvent: {}
[0.700927] (team_tutorial) StdoutLine: {'line': b"reading manifest file 'build/team_tutorial/team_tutorial.egg-info/SOURCES.txt'\n"}
[0.702563] (team_tutorial) StdoutLine: {'line': b"adding license file 'LICENSE'\n"}
[0.703428] (team_tutorial) StdoutLine: {'line': b"writing manifest file 'build/team_tutorial/team_tutorial.egg-info/SOURCES.txt'\n"}
[0.703959] (team_tutorial) StdoutLine: {'line': b'running build\n'}
[0.704040] (team_tutorial) StdoutLine: {'line': b'running build_py\n'}
[0.705056] (team_tutorial) StdoutLine: {'line': b'creating /home/angelyna/roboracer_ws/src/team_tutorial/build/team_tutorial/build\n'}
[0.707955] (team_tutorial) StdoutLine: {'line': b'creating /home/angelyna/roboracer_ws/src/team_tutorial/build/team_tutorial/build/lib\n'}
[0.710639] (team_tutorial) StdoutLine: {'line': b'creating /home/angelyna/roboracer_ws/src/team_tutorial/build/team_tutorial/build/lib/team_tutorial\n'}
[0.712400] (team_tutorial) StdoutLine: {'line': b'copying team_tutorial/__init__.py -> /home/angelyna/roboracer_ws/src/team_tutorial/build/team_tutorial/build/lib/team_tutorial\n'}
[0.728134] (team_tutorial) StdoutLine: {'line': b'running install\n'}
[0.728801] (team_tutorial) StdoutLine: {'line': b'running install_lib\n'}
[0.733124] (team_tutorial) StdoutLine: {'line': b'creating /home/angelyna/roboracer_ws/src/team_tutorial/install/team_tutorial/lib/python3.10/site-packages/team_tutorial\n'}
[0.735092] (team_tutorial) StdoutLine: {'line': b'copying /home/angelyna/roboracer_ws/src/team_tutorial/build/team_tutorial/build/lib/team_tutorial/__init__.py -> /home/angelyna/roboracer_ws/src/team_tutorial/install/team_tutorial/lib/python3.10/site-packages/team_tutorial\n'}
[0.751494] (team_tutorial) StdoutLine: {'line': b'byte-compiling /home/angelyna/roboracer_ws/src/team_tutorial/install/team_tutorial/lib/python3.10/site-packages/team_tutorial/__init__.py to __init__.cpython-310.pyc\n'}
[0.772243] (team_tutorial) StdoutLine: {'line': b'running install_data\n'}
[0.774052] (team_tutorial) StdoutLine: {'line': b'creating /home/angelyna/roboracer_ws/src/team_tutorial/install/team_tutorial/share/ament_index\n'}
[0.776660] (team_tutorial) StdoutLine: {'line': b'creating /home/angelyna/roboracer_ws/src/team_tutorial/install/team_tutorial/share/ament_index/resource_index\n'}
[0.778064] (team_tutorial) StdoutLine: {'line': b'creating /home/angelyna/roboracer_ws/src/team_tutorial/install/team_tutorial/share/ament_index/resource_index/packages\n'}
[0.780886] (team_tutorial) StdoutLine: {'line': b'copying resource/team_tutorial -> /home/angelyna/roboracer_ws/src/team_tutorial/install/team_tutorial/share/ament_index/resource_index/packages\n'}
[0.795744] (team_tutorial) StdoutLine: {'line': b'copying package.xml -> /home/angelyna/roboracer_ws/src/team_tutorial/install/team_tutorial/share/team_tutorial\n'}
[0.798227] (-) TimerEvent: {}
[0.810964] (team_tutorial) StdoutLine: {'line': b'running install_egg_info\n'}
[0.816502] (team_tutorial) StdoutLine: {'line': b'Copying build/team_tutorial/team_tutorial.egg-info to /home/angelyna/roboracer_ws/src/team_tutorial/install/team_tutorial/lib/python3.10/site-packages/team_tutorial-0.0.0-py3.10.egg-info\n'}
[0.898366] (-) TimerEvent: {}
[0.990911] (team_tutorial) StdoutLine: {'line': b'running install_scripts\n'}
[0.998482] (-) TimerEvent: {}
[1.017476] (team_tutorial) StdoutLine: {'line': b'Installing node_a script to /home/angelyna/roboracer_ws/src/team_tutorial/install/team_tutorial/lib/team_tutorial\n'}
[1.036914] (team_tutorial) StdoutLine: {'line': b'Installing node_b script to /home/angelyna/roboracer_ws/src/team_tutorial/install/team_tutorial/lib/team_tutorial\n'}
[1.054893] (team_tutorial) StdoutLine: {'line': b"writing list of installed files to '/home/angelyna/roboracer_ws/src/team_tutorial/build/team_tutorial/install.log'\n"}
[1.080080] (team_tutorial) CommandEnded: {'returncode': 0}
[1.098614] (-) TimerEvent: {}
[1.175225] (team_tutorial) JobEnded: {'identifier': 'team_tutorial', 'rc': 0}
[1.187513] (-) EventReactorShutdown: {}
