[0.090s] [34mcolcon[0m [1;30mDEBUG[0m [32mCommand line arguments: ['/usr/bin/colcon', 'build', '--packages-select', 'team_tutorial'][0m
[0.090s] [34mcolcon[0m [1;30mDEBUG[0m [32mParsed command line arguments: Namespace(log_base=None, log_level=None, verb_name='build', build_base='build', install_base='install', merge_install=False, symlink_install=False, test_result_base=None, continue_on_error=False, executor='parallel', parallel_workers=20, event_handlers=None, ignore_user_meta=False, metas=['./colcon.meta'], base_paths=['.'], packages_ignore=None, packages_ignore_regex=None, paths=None, packages_up_to=None, packages_up_to_regex=None, packages_above=None, packages_above_and_dependencies=None, packages_above_depth=None, packages_select_by_dep=None, packages_skip_by_dep=None, packages_skip_up_to=None, packages_select_build_failed=False, packages_skip_build_finished=False, packages_select_test_failures=False, packages_skip_test_passed=False, packages_select=['team_tutorial'], packages_skip=None, packages_select_regex=None, packages_skip_regex=None, packages_start=None, packages_end=None, allow_overriding=[], cmake_args=None, cmake_target=None, cmake_target_skip_unavailable=False, cmake_clean_cache=False, cmake_clean_first=False, cmake_force_configure=False, ament_cmake_args=None, catkin_cmake_args=None, catkin_skip_building_tests=False, mixin_files=None, mixin=None, verb_parser=<colcon_mixin.mixin.mixin_argument.MixinArgumentDecorator object at 0x7b54a1e63400>, verb_extension=<colcon_core.verb.build.BuildVerb object at 0x7b54a1e62e60>, main=<bound method BuildVerb.main of <colcon_core.verb.build.BuildVerb object at 0x7b54a1e62e60>>, mixin_verb=('build',))[0m
[0.219s] [34mcolcon.colcon_core.package_discovery[0m [1;30mLevel 1[0m discover_packages(colcon_meta) check parameters
[0.219s] [34mcolcon.colcon_core.package_discovery[0m [1;30mLevel 1[0m discover_packages(recursive) check parameters
[0.219s] [34mcolcon.colcon_core.package_discovery[0m [1;30mLevel 1[0m discover_packages(ignore) check parameters
[0.219s] [34mcolcon.colcon_core.package_discovery[0m [1;30mLevel 1[0m discover_packages(path) check parameters
[0.219s] [34mcolcon.colcon_core.package_discovery[0m [1;30mLevel 1[0m discover_packages(colcon_meta) discover
[0.219s] [34mcolcon.colcon_core.package_discovery[0m [1;30mLevel 1[0m discover_packages(recursive) discover
[0.219s] [34mcolcon.colcon_core.package_discovery[0m [1;30mINFO[0m Crawling recursively for packages in '/home/angelyna/roboracer_ws/src/team_tutorial'
[0.220s] [34mcolcon.colcon_core.package_identification[0m [1;30mLevel 1[0m _identify(.) by extensions ['ignore', 'ignore_ament_install']
[0.220s] [34mcolcon.colcon_core.package_identification[0m [1;30mLevel 1[0m _identify(.) by extension 'ignore'
[0.222s] [34mcolcon.colcon_core.package_identification[0m [1;30mLevel 1[0m _identify(.) by extension 'ignore_ament_install'
[0.222s] [34mcolcon.colcon_core.package_identification[0m [1;30mLevel 1[0m _identify(.) by extensions ['colcon_pkg']
[0.222s] [34mcolcon.colcon_core.package_identification[0m [1;30mLevel 1[0m _identify(.) by extension 'colcon_pkg'
[0.222s] [34mcolcon.colcon_core.package_identification[0m [1;30mLevel 1[0m _identify(.) by extensions ['colcon_meta']
[0.222s] [34mcolcon.colcon_core.package_identification[0m [1;30mLevel 1[0m _identify(.) by extension 'colcon_meta'
[0.222s] [34mcolcon.colcon_core.package_identification[0m [1;30mLevel 1[0m _identify(.) by extensions ['ros']
[0.222s] [34mcolcon.colcon_core.package_identification[0m [1;30mLevel 1[0m _identify(.) by extension 'ros'
[0.232s] [34mcolcon.colcon_core.package_identification[0m [1;30mDEBUG[0m [32mPackage '.' with type 'ros.ament_python' and name 'team_tutorial'[0m
[0.232s] [34mcolcon.colcon_core.package_discovery[0m [1;30mLevel 1[0m discover_packages(recursive) using defaults
[0.232s] [34mcolcon.colcon_core.package_discovery[0m [1;30mLevel 1[0m discover_packages(ignore) discover
[0.232s] [34mcolcon.colcon_core.package_discovery[0m [1;30mLevel 1[0m discover_packages(ignore) using defaults
[0.232s] [34mcolcon.colcon_core.package_discovery[0m [1;30mLevel 1[0m discover_packages(path) discover
[0.232s] [34mcolcon.colcon_core.package_discovery[0m [1;30mLevel 1[0m discover_packages(path) using defaults
[0.241s] [34mcolcon.colcon_core.package_discovery[0m [1;30mLevel 1[0m discover_packages(prefix_path) check parameters
[0.241s] [34mcolcon.colcon_core.package_discovery[0m [1;30mLevel 1[0m discover_packages(prefix_path) discover
[0.243s] [34mcolcon.colcon_ros.prefix_path.ament[0m [1;30mWARNING[0m [33mThe path '/home/angelyna/roboracer_ws/src/amrl_maps/install' in the environment variable AMENT_PREFIX_PATH doesn't exist[0m
[0.244s] [34mcolcon.colcon_ros.prefix_path.ament[0m [1;30mWARNING[0m [33mThe path '/home/angelyna/roboracer_ws/src/amrl_msgs/install' in the environment variable AMENT_PREFIX_PATH doesn't exist[0m
[0.252s] [34mcolcon.colcon_installed_package_information.package_discovery[0m [1;30mDEBUG[0m [32mFound 1 installed packages in /home/angelyna/roboracer_ws/install[0m
[0.253s] [34mcolcon.colcon_installed_package_information.package_discovery[0m [1;30mDEBUG[0m [32mFound 363 installed packages in /opt/ros/humble[0m
[0.255s] [34mcolcon.colcon_core.package_discovery[0m [1;30mLevel 1[0m discover_packages(prefix_path) using defaults
[0.282s] [34mcolcon.colcon_core.verb[0m [1;30mLevel 5[0m set package 'team_tutorial' build argument 'cmake_args' from command line to 'None'
[0.282s] [34mcolcon.colcon_core.verb[0m [1;30mLevel 5[0m set package 'team_tutorial' build argument 'cmake_target' from command line to 'None'
[0.282s] [34mcolcon.colcon_core.verb[0m [1;30mLevel 5[0m set package 'team_tutorial' build argument 'cmake_target_skip_unavailable' from command line to 'False'
[0.282s] [34mcolcon.colcon_core.verb[0m [1;30mLevel 5[0m set package 'team_tutorial' build argument 'cmake_clean_cache' from command line to 'False'
[0.283s] [34mcolcon.colcon_core.verb[0m [1;30mLevel 5[0m set package 'team_tutorial' build argument 'cmake_clean_first' from command line to 'False'
[0.283s] [34mcolcon.colcon_core.verb[0m [1;30mLevel 5[0m set package 'team_tutorial' build argument 'cmake_force_configure' from command line to 'False'
[0.283s] [34mcolcon.colcon_core.verb[0m [1;30mLevel 5[0m set package 'team_tutorial' build argument 'ament_cmake_args' from command line to 'None'
[0.283s] [34mcolcon.colcon_core.verb[0m [1;30mLevel 5[0m set package 'team_tutorial' build argument 'catkin_cmake_args' from command line to 'None'
[0.283s] [34mcolcon.colcon_core.verb[0m [1;30mLevel 5[0m set package 'team_tutorial' build argument 'catkin_skip_building_tests' from command line to 'False'
[0.284s] [34mcolcon.colcon_core.verb[0m [1;30mDEBUG[0m [32mBuilding package 'team_tutorial' with the following arguments: {'ament_cmake_args': None, 'build_base': '/home/angelyna/roboracer_ws/src/team_tutorial/build/team_tutorial', 'catkin_cmake_args': None, 'catkin_skip_building_tests': False, 'cmake_args': None, 'cmake_clean_cache': False, 'cmake_clean_first': False, 'cmake_force_configure': False, 'cmake_target': None, 'cmake_target_skip_unavailable': False, 'install_base': '/home/angelyna/roboracer_ws/src/team_tutorial/install/team_tutorial', 'merge_install': False, 'path': '/home/angelyna/roboracer_ws/src/team_tutorial', 'symlink_install': False, 'test_result_base': None}[0m
[0.284s] [34mcolcon.colcon_core.executor[0m [1;30mINFO[0m Executing jobs using 'parallel' executor
[0.284s] [34mcolcon.colcon_parallel_executor.executor.parallel[0m [1;30mDEBUG[0m [32mrun_until_complete[0m
[0.285s] [34mcolcon.colcon_ros.task.ament_python.build[0m [1;30mINFO[0m Building ROS package in '/home/angelyna/roboracer_ws/src/team_tutorial' with build type 'ament_python'
[0.286s] [34mcolcon.colcon_core.shell[0m [1;30mLevel 1[0m create_environment_hook('team_tutorial', 'ament_prefix_path')
[0.287s] [34mcolcon.colcon_core.plugin_system[0m [1;30mINFO[0m Skipping extension 'colcon_core.shell.bat': Not used on non-Windows systems
[0.287s] [34mcolcon.colcon_core.shell[0m [1;30mINFO[0m Creating environment hook '/home/angelyna/roboracer_ws/src/team_tutorial/install/team_tutorial/share/team_tutorial/hook/ament_prefix_path.ps1'
[0.300s] [34mcolcon.colcon_core.shell[0m [1;30mINFO[0m Creating environment descriptor '/home/angelyna/roboracer_ws/src/team_tutorial/install/team_tutorial/share/team_tutorial/hook/ament_prefix_path.dsv'
[0.304s] [34mcolcon.colcon_core.shell[0m [1;30mINFO[0m Creating environment hook '/home/angelyna/roboracer_ws/src/team_tutorial/install/team_tutorial/share/team_tutorial/hook/ament_prefix_path.sh'
[0.307s] [34mcolcon.colcon_core.shell[0m [1;30mINFO[0m Skip shell extension 'powershell' for command environment: Not usable outside of PowerShell
[0.307s] [34mcolcon.colcon_core.shell[0m [1;30mDEBUG[0m [32mSkip shell extension 'dsv' for command environment[0m
[0.525s] [34mcolcon.colcon_core.task.python.build[0m [1;30mINFO[0m Building Python package in '/home/angelyna/roboracer_ws/src/team_tutorial'
[0.525s] [34mcolcon.colcon_core.shell[0m [1;30mINFO[0m Skip shell extension 'powershell' for command environment: Not usable outside of PowerShell
[0.525s] [34mcolcon.colcon_core.shell[0m [1;30mDEBUG[0m [32mSkip shell extension 'dsv' for command environment[0m
[0.828s] [34mcolcon.colcon_core.event_handler.log_command[0m [1;30mDEBUG[0m [32mInvoking command in '/home/angelyna/roboracer_ws/src/team_tutorial': PYTHONPATH=/home/angelyna/roboracer_ws/src/team_tutorial/build/team_tutorial/prefix_override:/usr/lib/python3/dist-packages/colcon_core/task/python/colcon_distutils_commands:/home/angelyna/roboracer_ws/src/team_tutorial/install/team_tutorial/lib/python3.10/site-packages:${PYTHONPATH} /usr/bin/python3 -W ignore:setup.py install is deprecated -W ignore:easy_install command is deprecated setup.py egg_info --egg-base build/team_tutorial build --build-base /home/angelyna/roboracer_ws/src/team_tutorial/build/team_tutorial/build install --record /home/angelyna/roboracer_ws/src/team_tutorial/build/team_tutorial/install.log --single-version-externally-managed install_data[0m
[1.368s] [34mcolcon.colcon_core.event_handler.log_command[0m [1;30mDEBUG[0m [32mInvoked command in '/home/angelyna/roboracer_ws/src/team_tutorial' returned '0': PYTHONPATH=/home/angelyna/roboracer_ws/src/team_tutorial/build/team_tutorial/prefix_override:/usr/lib/python3/dist-packages/colcon_core/task/python/colcon_distutils_commands:/home/angelyna/roboracer_ws/src/team_tutorial/install/team_tutorial/lib/python3.10/site-packages:${PYTHONPATH} /usr/bin/python3 -W ignore:setup.py install is deprecated -W ignore:easy_install command is deprecated setup.py egg_info --egg-base build/team_tutorial build --build-base /home/angelyna/roboracer_ws/src/team_tutorial/build/team_tutorial/build install --record /home/angelyna/roboracer_ws/src/team_tutorial/build/team_tutorial/install.log --single-version-externally-managed install_data[0m
[1.370s] [34mcolcon.colcon_core.environment[0m [1;30mLevel 1[0m checking '/home/angelyna/roboracer_ws/src/team_tutorial/install/team_tutorial' for CMake module files
[1.377s] [34mcolcon.colcon_core.environment[0m [1;30mLevel 1[0m checking '/home/angelyna/roboracer_ws/src/team_tutorial/install/team_tutorial' for CMake config files
[1.391s] [34mcolcon.colcon_core.environment[0m [1;30mLevel 1[0m checking '/home/angelyna/roboracer_ws/src/team_tutorial/install/team_tutorial/lib'
[1.392s] [34mcolcon.colcon_core.environment[0m [1;30mLevel 1[0m checking '/home/angelyna/roboracer_ws/src/team_tutorial/install/team_tutorial/bin'
[1.393s] [34mcolcon.colcon_core.environment[0m [1;30mLevel 1[0m checking '/home/angelyna/roboracer_ws/src/team_tutorial/install/team_tutorial/lib/pkgconfig/team_tutorial.pc'
[1.394s] [34mcolcon.colcon_core.environment[0m [1;30mLevel 1[0m checking '/home/angelyna/roboracer_ws/src/team_tutorial/install/team_tutorial/lib/python3.10/site-packages'
[1.394s] [34mcolcon.colcon_core.shell[0m [1;30mLevel 1[0m create_environment_hook('team_tutorial', 'pythonpath')
[1.395s] [34mcolcon.colcon_core.shell[0m [1;30mINFO[0m Creating environment hook '/home/angelyna/roboracer_ws/src/team_tutorial/install/team_tutorial/share/team_tutorial/hook/pythonpath.ps1'
[1.400s] [34mcolcon.colcon_core.shell[0m [1;30mINFO[0m Creating environment descriptor '/home/angelyna/roboracer_ws/src/team_tutorial/install/team_tutorial/share/team_tutorial/hook/pythonpath.dsv'
[1.404s] [34mcolcon.colcon_core.shell[0m [1;30mINFO[0m Creating environment hook '/home/angelyna/roboracer_ws/src/team_tutorial/install/team_tutorial/share/team_tutorial/hook/pythonpath.sh'
[1.408s] [34mcolcon.colcon_core.environment[0m [1;30mLevel 1[0m checking '/home/angelyna/roboracer_ws/src/team_tutorial/install/team_tutorial/bin'
[1.409s] [34mcolcon.colcon_core.environment[0m [1;30mLevel 1[0m create_environment_scripts_only(team_tutorial)
[1.410s] [34mcolcon.colcon_core.shell[0m [1;30mINFO[0m Creating package script '/home/angelyna/roboracer_ws/src/team_tutorial/install/team_tutorial/share/team_tutorial/package.ps1'
[1.418s] [34mcolcon.colcon_core.shell[0m [1;30mINFO[0m Creating package descriptor '/home/angelyna/roboracer_ws/src/team_tutorial/install/team_tutorial/share/team_tutorial/package.dsv'
[1.424s] [34mcolcon.colcon_core.shell[0m [1;30mINFO[0m Creating package script '/home/angelyna/roboracer_ws/src/team_tutorial/install/team_tutorial/share/team_tutorial/package.sh'
[1.430s] [34mcolcon.colcon_core.shell[0m [1;30mINFO[0m Creating package script '/home/angelyna/roboracer_ws/src/team_tutorial/install/team_tutorial/share/team_tutorial/package.bash'
[1.437s] [34mcolcon.colcon_core.shell[0m [1;30mINFO[0m Creating package script '/home/angelyna/roboracer_ws/src/team_tutorial/install/team_tutorial/share/team_tutorial/package.zsh'
[1.441s] [34mcolcon.colcon_core.environment[0m [1;30mLevel 1[0m create_file_with_runtime_dependencies(/home/angelyna/roboracer_ws/src/team_tutorial/install/team_tutorial/share/colcon-core/packages/team_tutorial)
[1.463s] [34mcolcon.colcon_parallel_executor.executor.parallel[0m [1;30mDEBUG[0m [32mclosing loop[0m
[1.463s] [34mcolcon.colcon_parallel_executor.executor.parallel[0m [1;30mDEBUG[0m [32mloop closed[0m
[1.464s] [34mcolcon.colcon_parallel_executor.executor.parallel[0m [1;30mDEBUG[0m [32mrun_until_complete finished with '0'[0m
[1.464s] [34mcolcon.colcon_core.event_reactor[0m [1;30mDEBUG[0m [32mjoining thread[0m
[1.487s] [34mcolcon.colcon_core.plugin_system[0m [1;30mINFO[0m Skipping extension 'colcon_notification.desktop_notification.terminal_notifier': Not used on non-Darwin systems
[1.487s] [34mcolcon.colcon_core.plugin_system[0m [1;30mINFO[0m Skipping extension 'colcon_notification.desktop_notification.win32': Not used on non-Windows systems
[1.488s] [34mcolcon.colcon_notification.desktop_notification[0m [1;30mINFO[0m Sending desktop notification using 'notify2'
[1.499s] [34mcolcon.colcon_notification.desktop_notification.notify2[0m [1;30mDEBUG[0m [32mFailed to initialize notify2: org.freedesktop.DBus.Error.Spawn.ExecFailed: /usr/bin/dbus-launch terminated abnormally with the following error: Autolaunch error: X11 initialization failed.
[0m
[1.500s] [34mcolcon.colcon_core.event_reactor[0m [1;30mDEBUG[0m [32mjoined thread[0m
[1.502s] [34mcolcon.colcon_core.shell[0m [1;30mINFO[0m Creating prefix script '/home/angelyna/roboracer_ws/src/team_tutorial/install/local_setup.ps1'
[1.671s] [34mcolcon.colcon_core.shell[0m [1;30mINFO[0m Creating prefix util module '/home/angelyna/roboracer_ws/src/team_tutorial/install/_local_setup_util_ps1.py'
[1.679s] [34mcolcon.colcon_core.shell[0m [1;30mINFO[0m Creating prefix chain script '/home/angelyna/roboracer_ws/src/team_tutorial/install/setup.ps1'
[1.685s] [34mcolcon.colcon_core.shell[0m [1;30mINFO[0m Creating prefix script '/home/angelyna/roboracer_ws/src/team_tutorial/install/local_setup.sh'
[1.691s] [34mcolcon.colcon_core.shell[0m [1;30mINFO[0m Creating prefix util module '/home/angelyna/roboracer_ws/src/team_tutorial/install/_local_setup_util_sh.py'
[1.698s] [34mcolcon.colcon_core.shell[0m [1;30mINFO[0m Creating prefix chain script '/home/angelyna/roboracer_ws/src/team_tutorial/install/setup.sh'
[1.705s] [34mcolcon.colcon_core.shell[0m [1;30mINFO[0m Creating prefix script '/home/angelyna/roboracer_ws/src/team_tutorial/install/local_setup.bash'
[1.710s] [34mcolcon.colcon_core.shell[0m [1;30mINFO[0m Creating prefix chain script '/home/angelyna/roboracer_ws/src/team_tutorial/install/setup.bash'
[1.717s] [34mcolcon.colcon_core.shell[0m [1;30mINFO[0m Creating prefix script '/home/angelyna/roboracer_ws/src/team_tutorial/install/local_setup.zsh'
[1.722s] [34mcolcon.colcon_core.shell[0m [1;30mINFO[0m Creating prefix chain script '/home/angelyna/roboracer_ws/src/team_tutorial/install/setup.zsh'
