running egg_info
creating build/team_tutorial/team_tutorial.egg-info
writing build/team_tutorial/team_tutorial.egg-info/PKG-INFO
writing dependency_links to build/team_tutorial/team_tutorial.egg-info/dependency_links.txt
writing entry points to build/team_tutorial/team_tutorial.egg-info/entry_points.txt
writing requirements to build/team_tutorial/team_tutorial.egg-info/requires.txt
writing top-level names to build/team_tutorial/team_tutorial.egg-info/top_level.txt
writing manifest file 'build/team_tutorial/team_tutorial.egg-info/SOURCES.txt'
reading manifest file 'build/team_tutorial/team_tutorial.egg-info/SOURCES.txt'
adding license file 'LICENSE'
writing manifest file 'build/team_tutorial/team_tutorial.egg-info/SOURCES.txt'
running build
running build_py
creating /home/angelyna/roboracer_ws/src/team_tutorial/build/team_tutorial/build
creating /home/angelyna/roboracer_ws/src/team_tutorial/build/team_tutorial/build/lib
creating /home/angelyna/roboracer_ws/src/team_tutorial/build/team_tutorial/build/lib/team_tutorial
copying team_tutorial/__init__.py -> /home/angelyna/roboracer_ws/src/team_tutorial/build/team_tutorial/build/lib/team_tutorial
running install
running install_lib
creating /home/angelyna/roboracer_ws/src/team_tutorial/install/team_tutorial/lib/python3.10/site-packages/team_tutorial
copying /home/angelyna/roboracer_ws/src/team_tutorial/build/team_tutorial/build/lib/team_tutorial/__init__.py -> /home/angelyna/roboracer_ws/src/team_tutorial/install/team_tutorial/lib/python3.10/site-packages/team_tutorial
byte-compiling /home/angelyna/roboracer_ws/src/team_tutorial/install/team_tutorial/lib/python3.10/site-packages/team_tutorial/__init__.py to __init__.cpython-310.pyc
running install_data
creating /home/angelyna/roboracer_ws/src/team_tutorial/install/team_tutorial/share/ament_index
creating /home/angelyna/roboracer_ws/src/team_tutorial/install/team_tutorial/share/ament_index/resource_index
creating /home/angelyna/roboracer_ws/src/team_tutorial/install/team_tutorial/share/ament_index/resource_index/packages
copying resource/team_tutorial -> /home/angelyna/roboracer_ws/src/team_tutorial/install/team_tutorial/share/ament_index/resource_index/packages
copying package.xml -> /home/angelyna/roboracer_ws/src/team_tutorial/install/team_tutorial/share/team_tutorial
running install_egg_info
Copying build/team_tutorial/team_tutorial.egg-info to /home/angelyna/roboracer_ws/src/team_tutorial/install/team_tutorial/lib/python3.10/site-packages/team_tutorial-0.0.0-py3.10.egg-info
running install_scripts
Installing node_a script to /home/angelyna/roboracer_ws/src/team_tutorial/install/team_tutorial/lib/team_tutorial
Installing node_b script to /home/angelyna/roboracer_ws/src/team_tutorial/install/team_tutorial/lib/team_tutorial
writing list of installed files to '/home/angelyna/roboracer_ws/src/team_tutorial/build/team_tutorial/install.log'
